launcher/build/intermediates/manifest_merge_blame_file/debug/manifest-merger-blame-debug-report.txt
1<?xml version="1.0" encoding="utf-8"?>
2<manifest xmlns:android="http://schemas.android.com/apk/res/android"
3    package="com.DefaultCompany.UaaLExample"
4    android:installLocation="preferExternal"
5    android:versionCode="1"
6    android:versionName="0.1" >
7
8    <uses-sdk
9        android:minSdkVersion="22"
9-->src/main/AndroidManifest.xml
10        android:targetSdkVersion="33" />
10-->src/main/AndroidManifest.xml
11
12    <uses-permission android:name="android.permission.ACCESS_NETWORK_STATE" />
12-->src/main/AndroidManifest.xml:3:3-77
12-->src/main/AndroidManifest.xml:3:20-74
13    <uses-permission android:name="android.permission.INTERNET" />
13-->src/main/AndroidManifest.xml:4:3-65
13-->src/main/AndroidManifest.xml:4:20-62
14
15    <supports-screens
15-->src/main/AndroidManifest.xml:8:3-163
16        android:anyDensity="true"
16-->src/main/AndroidManifest.xml:8:135-160
17        android:largeScreens="true"
17-->src/main/AndroidManifest.xml:8:78-105
18        android:normalScreens="true"
18-->src/main/AndroidManifest.xml:8:49-77
19        android:smallScreens="true"
19-->src/main/AndroidManifest.xml:8:21-48
20        android:xlargeScreens="true" />
20-->src/main/AndroidManifest.xml:8:106-134
21
22    <uses-feature android:glEsVersion="0x00030000" />
22-->[:unityLibrary] AndroidManifest.xml:10:5-54
22-->[:unityLibrary] AndroidManifest.xml:10:19-51
23    <uses-feature
23-->[:unityLibrary] AndroidManifest.xml:11:5-13:36
24        android:name="android.hardware.vulkan.version"
24-->[:unityLibrary] AndroidManifest.xml:12:9-55
25        android:required="false" />
25-->[:unityLibrary] AndroidManifest.xml:13:9-33
26    <uses-feature
26-->[:unityLibrary] AndroidManifest.xml:14:5-16:36
27        android:name="android.hardware.touchscreen"
27-->[:unityLibrary] AndroidManifest.xml:15:9-52
28        android:required="false" />
28-->[:unityLibrary] AndroidManifest.xml:16:9-33
29    <uses-feature
29-->[:unityLibrary] AndroidManifest.xml:17:5-19:36
30        android:name="android.hardware.touchscreen.multitouch"
30-->[:unityLibrary] AndroidManifest.xml:18:9-63
31        android:required="false" />
31-->[:unityLibrary] AndroidManifest.xml:19:9-33
32    <uses-feature
32-->[:unityLibrary] AndroidManifest.xml:20:5-22:36
33        android:name="android.hardware.touchscreen.multitouch.distinct"
33-->[:unityLibrary] AndroidManifest.xml:21:9-72
34        android:required="false" />
34-->[:unityLibrary] AndroidManifest.xml:22:9-33
35
36    <application
36-->src/main/AndroidManifest.xml:5:3-7:17
37        android:debuggable="true"
38        android:extractNativeLibs="true"
38-->[:unityLibrary] AndroidManifest.xml:24:18-50
39        android:icon="@mipmap/app_icon"
39-->src/main/AndroidManifest.xml:5:49-80
40        android:label="@string/app_name"
40-->src/main/AndroidManifest.xml:5:16-48
41        android:testOnly="true" >
42        <meta-data
42-->src/main/AndroidManifest.xml:6:5-71
43            android:name="unity.builder"
43-->src/main/AndroidManifest.xml:6:16-44
44            android:value="\968539" />
44-->src/main/AndroidManifest.xml:6:45-68
45        <meta-data
45-->[:unityLibrary] AndroidManifest.xml:25:9-27:33
46            android:name="unity.splash-mode"
46-->[:unityLibrary] AndroidManifest.xml:26:13-45
47            android:value="0" />
47-->[:unityLibrary] AndroidManifest.xml:27:13-30
48        <meta-data
48-->[:unityLibrary] AndroidManifest.xml:28:9-30:36
49            android:name="unity.splash-enable"
49-->[:unityLibrary] AndroidManifest.xml:29:13-47
50            android:value="True" />
50-->[:unityLibrary] AndroidManifest.xml:30:13-33
51        <meta-data
51-->[:unityLibrary] AndroidManifest.xml:31:9-33:36
52            android:name="unity.launch-fullscreen"
52-->[:unityLibrary] AndroidManifest.xml:32:13-51
53            android:value="True" />
53-->[:unityLibrary] AndroidManifest.xml:33:13-33
54        <meta-data
54-->[:unityLibrary] AndroidManifest.xml:34:9-36:37
55            android:name="unity.allow-resizable-window"
55-->[:unityLibrary] AndroidManifest.xml:35:13-56
56            android:value="False" />
56-->[:unityLibrary] AndroidManifest.xml:36:13-34
57        <meta-data
57-->[:unityLibrary] AndroidManifest.xml:37:9-39:50
58            android:name="notch.config"
58-->[:unityLibrary] AndroidManifest.xml:38:13-40
59            android:value="portrait|landscape" />
59-->[:unityLibrary] AndroidManifest.xml:39:13-47
60
61        <activity
61-->[:unityLibrary] AndroidManifest.xml:41:9-62:20
62            android:name="com.unity3d.player.UnityPlayerActivity"
62-->[:unityLibrary] AndroidManifest.xml:42:13-66
63            android:configChanges="mcc|mnc|locale|touchscreen|keyboard|keyboardHidden|navigation|orientation|screenLayout|uiMode|screenSize|smallestScreenSize|fontScale|layoutDirection|density"
63-->[:unityLibrary] AndroidManifest.xml:43:13-194
64            android:exported="true"
64-->[:unityLibrary] AndroidManifest.xml:44:13-36
65            android:hardwareAccelerated="false"
65-->[:unityLibrary] AndroidManifest.xml:45:13-48
66            android:launchMode="singleTask"
66-->[:unityLibrary] AndroidManifest.xml:46:13-44
67            android:resizeableActivity="false"
67-->[:unityLibrary] AndroidManifest.xml:47:13-47
68            android:screenOrientation="fullUser"
68-->[:unityLibrary] AndroidManifest.xml:48:13-49
69            android:theme="@style/UnityThemeSelector" >
69-->[:unityLibrary] AndroidManifest.xml:49:13-54
70            <intent-filter>
70-->[:unityLibrary] AndroidManifest.xml:50:13-54:29
71                <category android:name="android.intent.category.LAUNCHER" />
71-->[:unityLibrary] AndroidManifest.xml:51:17-77
71-->[:unityLibrary] AndroidManifest.xml:51:27-74
72
73                <action android:name="android.intent.action.MAIN" />
73-->[:unityLibrary] AndroidManifest.xml:53:17-69
73-->[:unityLibrary] AndroidManifest.xml:53:25-66
74            </intent-filter>
75
76            <meta-data
76-->[:unityLibrary] AndroidManifest.xml:56:13-58:40
77                android:name="unityplayer.UnityActivity"
77-->[:unityLibrary] AndroidManifest.xml:57:17-57
78                android:value="true" />
78-->[:unityLibrary] AndroidManifest.xml:58:17-37
79            <meta-data
79-->[:unityLibrary] AndroidManifest.xml:59:13-61:40
80                android:name="notch_support"
80-->[:unityLibrary] AndroidManifest.xml:60:17-45
81                android:value="true" />
81-->[:unityLibrary] AndroidManifest.xml:61:17-37
82        </activity>
83    </application>
84
85</manifest>